Drill report for office_amp.kicad_pcb
Created on Thu 20 Jul 2023 12:52:38 PM CEST

Copper Layer Stackup:
    =============================================================
    L1 :  F.Cu                      front
    L2 :  B.Cu                      back


Drill file 'office_amp-PTH-drl.gbr' contains
    plated through holes:
    =============================================================
    T1  0.800mm  0.0315"  (18 holes)
    T2  0.800mm  0.0315"  (12 holes)
    T3  1.000mm  0.0394"  (23 holes)  (with 3 slots)
    T4  1.100mm  0.0433"  (17 holes)
    T5  1.200mm  0.0472"  (6 holes)
    T6  1.400mm  0.0551"  (2 holes)
    T7  3.200mm  0.1260"  (2 holes)

    Total plated holes count 80


Drill file 'office_amp-NPTH-drl.gbr' contains
    unplated through holes:
    =============================================================

    Total unplated holes count 0
