Drill report for office_amp.kicad_pcb
Created on Thu 07 Apr 2022 03:47:32 PM CEST

Copper Layer Stackup:
    =============================================================
    L1 :  F.Cu                      front
    L2 :  In1.Cu                    in1
    L3 :  In2.Cu                    in2
    L4 :  B.Cu                      back


Drill file 'office_amp-PTH-drl.gbr' contains
    plated through holes:
    =============================================================
    T1  0.300mm  0.0118"  (18 holes)
    T2  0.400mm  0.0157"  (72 holes)
    T3  0.600mm  0.0236"  (18 holes)
    T4  0.800mm  0.0315"  (54 holes)
    T5  1.000mm  0.0394"  (49 holes)  (with 3 slots)
    T6  1.300mm  0.0512"  (10 holes)
    T7  1.400mm  0.0551"  (2 holes)
    T8  3.500mm  0.1378"  (4 holes)

    Total plated holes count 227


Drill file 'office_amp-NPTH-drl.gbr' contains
    unplated through holes:
    =============================================================

    Total unplated holes count 0
