Drill report for cw-amp-controll-board.kicad_pcb
Created on Thu 23 Mar 2023 11:58:22 PM CET

Copper Layer Stackup:
    =============================================================
    L1 :  F.Cu                      front
    L2 :  In1.Cu                    in1
    L3 :  In2.Cu                    in2
    L4 :  B.Cu                      back


Drill file 'cw-amp-controll-board-PTH-drl.gbr' contains
    plated through holes:
    =============================================================
    T1  0.800mm  0.0315"  (104 holes)
    T2  1.000mm  0.0394"  (40 holes)
    T3  3.500mm  0.1378"  (1 hole)

    Total plated holes count 145


Drill file 'cw-amp-controll-board-NPTH-drl.gbr' contains
    unplated through holes:
    =============================================================
    T1  1.800mm  0.0709"  (2 holes)  (with 2 slots)

    Total unplated holes count 2
